TN:
SF:src/Common/Constants/colors.ts
FNF:0
FNH:0
DA:1,7
DA:2,7
DA:3,7
DA:5,7
DA:6,7
DA:8,7
LF:6
LH:6
BRF:0
BRH:0
end_of_record
TN:
SF:src/Common/Utils/dates.ts
FN:15,(anonymous_1)
FNF:1
FNH:1
FNDA:8,(anonymous_1)
DA:1,4
DA:2,4
DA:4,4
DA:7,4
DA:12,4
DA:13,4
DA:15,4
DA:16,8
LF:8
LH:8
BRDA:7,0,0,4
BRDA:7,0,1,0
BRDA:8,1,0,4
BRDA:8,1,1,4
BRDA:12,2,0,0
BRDA:12,2,1,4
BRDA:12,3,0,4
BRDA:12,3,1,4
BRDA:13,4,0,0
BRDA:13,4,1,4
BRDA:13,5,0,4
BRDA:13,5,1,4
BRF:12
BRH:9
end_of_record
TN:
SF:src/Components/Button/Button.tsx
FN:8,(anonymous_0)
FNF:1
FNH:1
FNDA:4,(anonymous_0)
DA:8,3
DA:9,4
LF:2
LH:2
BRDA:10,0,0,4
BRDA:10,0,1,1
BRF:2
BRH:2
end_of_record
TN:
SF:src/Components/Button/index.ts
FNF:0
FNH:0
DA:1,2
LF:1
LH:1
BRF:0
BRH:0
end_of_record
TN:
SF:src/Components/Button/styles.ts
FNF:0
FNH:0
DA:1,3
DA:3,3
DA:5,3
LF:3
LH:3
BRF:0
BRH:0
end_of_record
TN:
SF:src/Components/Item/Item.tsx
FN:14,(anonymous_0)
FN:21,(anonymous_1)
FNF:2
FNH:1
FNDA:7,(anonymous_0)
FNDA:0,(anonymous_1)
DA:14,3
DA:15,7
DA:16,7
DA:18,7
DA:22,0
LF:5
LH:4
BRDA:40,0,0,5
BRDA:40,0,1,2
BRDA:41,1,0,5
BRDA:41,1,1,2
BRF:4
BRH:4
end_of_record
TN:
SF:src/Components/Item/styles.ts
FNF:0
FNH:0
DA:1,3
DA:2,3
DA:4,3
DA:5,3
DA:7,3
LF:5
LH:5
BRF:0
BRH:0
end_of_record
TN:
SF:src/Components/ItemList/ItemList.tsx
FN:12,(anonymous_0)
FN:14,(anonymous_1)
FNF:2
FNH:2
FNDA:2,(anonymous_0)
FNDA:6,(anonymous_1)
DA:12,2
DA:13,2
DA:15,6
LF:3
LH:3
BRF:0
BRH:0
end_of_record
TN:
SF:src/Components/ItemList/index.ts
FNF:0
FNH:0
DA:1,1
LF:1
LH:1
BRF:0
BRH:0
end_of_record
TN:
SF:src/Components/ItemList/styles.ts
FNF:0
FNH:0
DA:1,2
DA:3,2
DA:5,2
DA:7,2
LF:4
LH:4
BRF:0
BRH:0
end_of_record
TN:
SF:src/Components/Screen/Screen.tsx
FN:10,(anonymous_0)
FNF:1
FNH:1
FNDA:3,(anonymous_0)
DA:10,3
DA:11,3
LF:2
LH:2
BRF:0
BRH:0
end_of_record
TN:
SF:src/Components/Screen/index.ts
FNF:0
FNH:0
DA:1,2
LF:1
LH:1
BRF:0
BRH:0
end_of_record
TN:
SF:src/Components/Screen/styles.ts
FNF:0
FNH:0
DA:1,3
DA:3,3
DA:5,3
LF:3
LH:3
BRF:0
BRH:0
end_of_record
TN:
SF:src/Components/SummaryCard/SummaryCard.tsx
FN:10,(anonymous_0)
FNF:1
FNH:1
FNDA:2,(anonymous_0)
DA:10,2
DA:11,2
LF:2
LH:2
BRF:0
BRH:0
end_of_record
TN:
SF:src/Components/SummaryCard/index.ts
FNF:0
FNH:0
DA:1,1
LF:1
LH:1
BRF:0
BRH:0
end_of_record
TN:
SF:src/Components/SummaryCard/styles.ts
FNF:0
FNH:0
DA:1,2
DA:3,2
DA:5,2
DA:7,2
LF:4
LH:4
BRF:0
BRH:0
end_of_record
TN:
SF:src/Components/Typography/Typography.tsx
FN:7,(anonymous_0)
FNF:1
FNH:1
FNDA:47,(anonymous_0)
DA:7,7
DA:15,47
LF:2
LH:2
BRDA:9,0,0,9
BRF:1
BRH:1
end_of_record
TN:
SF:src/Components/Typography/index.ts
FNF:0
FNH:0
DA:1,6
LF:1
LH:1
BRF:0
BRH:0
end_of_record
TN:
SF:src/Components/Typography/styles.ts
FN:38,(anonymous_0)
FNF:1
FNH:1
FNDA:47,(anonymous_0)
DA:1,7
DA:5,7
DA:18,7
DA:24,7
DA:32,7
DA:38,7
DA:39,47
DA:41,47
DA:42,47
DA:44,47
DA:45,47
DA:46,47
DA:48,47
LF:13
LH:13
BRDA:41,0,0,38
BRDA:41,0,1,9
BRDA:42,1,0,3
BRDA:42,1,1,44
BRDA:44,2,0,47
BRDA:44,2,1,34
BRDA:45,3,0,47
BRDA:45,3,1,23
BRDA:46,4,0,13
BRDA:46,4,1,34
BRF:10
BRH:10
end_of_record
TN:
SF:src/Hooks/useProducts.ts
FN:6,(anonymous_0)
FN:19,(anonymous_1)
FN:23,(anonymous_2)
FN:28,(anonymous_3)
FN:33,(anonymous_4)
FN:39,(anonymous_5)
FN:47,(anonymous_6)
FN:53,(anonymous_7)
FNF:8
FNH:8
FNDA:12,(anonymous_0)
FNDA:5,(anonymous_1)
FNDA:1,(anonymous_2)
FNDA:9,(anonymous_3)
FNDA:12,(anonymous_4)
FNDA:5,(anonymous_5)
FNDA:9,(anonymous_6)
FNDA:1,(anonymous_7)
DA:1,1
DA:4,1
DA:6,1
DA:7,12
DA:8,0
DA:10,12
DA:11,4
DA:13,8
DA:14,2
DA:16,6
DA:19,1
DA:20,5
DA:21,5
DA:23,5
DA:24,1
DA:25,1
DA:28,5
DA:29,9
DA:30,1
DA:32,8
DA:33,12
DA:36,8
DA:39,5
DA:40,5
DA:41,1
DA:43,4
DA:45,4
DA:47,9
DA:53,5
DA:54,1
DA:57,5
LF:31
LH:30
BRDA:7,0,0,0
BRDA:10,1,0,4
BRDA:10,2,0,12
BRDA:10,2,1,6
BRDA:13,3,0,2
BRDA:13,4,0,8
BRDA:13,4,1,6
BRDA:29,5,0,1
BRDA:32,6,0,4
BRDA:32,6,1,4
BRDA:40,7,0,1
BRDA:45,8,0,4
BRDA:45,8,1,0
BRDA:47,9,0,3
BRDA:47,9,1,6
BRF:15
BRH:13
end_of_record
TN:
SF:src/Screens/Detail/Detail.tsx
FN:22,(anonymous_0)
FNF:1
FNH:1
FNDA:1,(anonymous_0)
DA:22,1
DA:23,1
DA:24,1
DA:26,1
LF:4
LH:4
BRF:0
BRH:0
end_of_record
TN:
SF:src/Screens/Detail/styles.ts
FNF:0
FNH:0
DA:1,1
DA:3,1
DA:9,1
DA:11,1
LF:4
LH:4
BRF:0
BRH:0
end_of_record
TN:
SF:src/Screens/Home/Home.tsx
FN:12,(anonymous_0)
FN:45,(anonymous_1)
FN:55,(anonymous_2)
FN:61,(anonymous_3)
FNF:4
FNH:1
FNDA:1,(anonymous_0)
FNDA:0,(anonymous_1)
FNDA:0,(anonymous_2)
FNDA:0,(anonymous_3)
DA:12,1
DA:13,1
DA:14,1
DA:16,1
DA:46,0
DA:56,0
DA:62,0
LF:7
LH:4
BRDA:43,0,0,1
BRDA:43,0,1,0
BRDA:52,1,0,1
BRDA:52,1,1,1
BRF:4
BRH:3
end_of_record
TN:
SF:src/Screens/Home/styles.ts
FNF:0
FNH:0
DA:1,1
DA:3,1
LF:2
LH:2
BRF:0
BRH:0
end_of_record
